0 verbose cli /usr/local/bin/node /usr/local/lib/node_modules/npm/bin/npm-cli.js
1 info using npm@9.6.7
2 info using node@v18.16.0
3 timing npm:load:whichnode Completed in 1ms
4 timing config:load:defaults Completed in 1ms
5 timing config:load:file:/usr/local/lib/node_modules/npm/npmrc Completed in 1ms
6 timing config:load:builtin Completed in 1ms
7 timing config:load:cli Completed in 1ms
8 timing config:load:env Completed in 1ms
9 timing config:load:file:/Users/LP1433/Work/External/stock-analysis-lite/.npmrc Completed in 0ms
10 timing config:load:project Completed in 0ms
11 timing config:load:file:/Users/LP1433/.npmrc Completed in 0ms
12 timing config:load:user Completed in 0ms
13 timing config:load:file:/usr/local/etc/npmrc Completed in 0ms
14 timing config:load:global Completed in 0ms
15 timing config:load:setEnvs Completed in 1ms
16 timing config:load Completed in 5ms
17 timing npm:load:configload Completed in 5ms
18 timing npm:load:mkdirpcache Completed in 0ms
19 timing npm:load:mkdirplogs Completed in 0ms
20 verbose title npm exec node@20 npm install --legacy-peer-deps
21 verbose argv "exec" "--yes" "--" "node@20" "npm" "install" "--legacy-peer-deps"
22 timing npm:load:setTitle Completed in 9ms
23 timing config:load:flatten Completed in 1ms
24 timing npm:load:display Completed in 2ms
25 verbose logfile logs-max:10 dir:/Users/LP1433/Work/External/stock-analysis-lite/.npm-cache/_logs/2026-07-10T10_54_56_008Z-
26 verbose logfile /Users/LP1433/Work/External/stock-analysis-lite/.npm-cache/_logs/2026-07-10T10_54_56_008Z-debug-0.log
27 timing npm:load:logFile Completed in 6ms
28 timing npm:load:timers Completed in 0ms
29 timing npm:load:configScope Completed in 0ms
30 timing npm:load Completed in 23ms
31 timing arborist:ctor Completed in 1ms
32 silly logfile done cleaning log files
33 timing arborist:ctor Completed in 0ms
34 http fetch GET 200 https://registry.npmjs.org/node 331ms (cache miss)
35 timing arborist:ctor Completed in 0ms
36 timing arborist:ctor Completed in 0ms
37 timing arborist:ctor Completed in 0ms
38 timing idealTree:init Completed in 1ms
39 timing idealTree:userRequests Completed in 1ms
40 silly idealTree buildDeps
41 silly fetch manifest node@20.20.2
42 http fetch GET 200 https://registry.npmjs.org/node 8ms (cache hit)
43 silly placeDep ROOT node@20.20.2 OK for:  want: 20.20.2
44 silly fetch manifest node-bin-setup@^1.0.0
45 http fetch GET 200 https://registry.npmjs.org/node-bin-setup 220ms (cache miss)
46 timing idealTree:#root Completed in 234ms
47 silly placeDep ROOT node-bin-setup@1.1.4 OK for: node@20.20.2 want: ^1.0.0
48 timing idealTree:node_modules/node Completed in 1ms
49 timing idealTree:node_modules/node-bin-setup Completed in 0ms
50 timing idealTree:buildDeps Completed in 236ms
51 timing idealTree:fixDepFlags Completed in 0ms
52 timing idealTree Completed in 238ms
53 timing reify:loadTrees Completed in 238ms
54 timing reify:diffTrees Completed in 1ms
55 silly reify moves {}
56 timing reify:retireShallow Completed in 1ms
57 timing reify:createSparse Completed in 2ms
58 timing reify:loadBundles Completed in 0ms
59 silly audit bulk request { node: [ '20.20.2' ], 'node-bin-setup': [ '1.1.4' ] }
60 silly tarball no local data for node-bin-setup@https://registry.npmjs.org/node-bin-setup/-/node-bin-setup-1.1.4.tgz. Extracting by manifest.
61 silly tarball no local data for node@https://registry.npmjs.org/node/-/node-20.20.2.tgz. Extracting by manifest.
62 http fetch GET 200 https://registry.npmjs.org/node-bin-setup/-/node-bin-setup-1.1.4.tgz 76ms (cache miss)
63 timing reifyNode:node_modules/node-bin-setup Completed in 81ms
64 http fetch GET 200 https://registry.npmjs.org/node/-/node-20.20.2.tgz 270ms (cache miss)
65 timing reifyNode:node_modules/node Completed in 275ms
66 timing reify:unpack Completed in 275ms
67 timing reify:unretire Completed in 0ms
68 timing build:queue Completed in 1ms
69 info run node@20.20.2 preinstall node_modules/node node installArchSpecificPackage
70 http fetch POST 200 https://registry.npmjs.org/-/npm/v1/security/advisories/bulk 363ms
71 timing auditReport:getReport Completed in 363ms
72 silly audit report {}
73 timing auditReport:init Completed in 0ms
74 timing reify:audit Completed in 365ms
75 info run node@20.20.2 preinstall { code: 0, signal: null }
76 timing build:run:preinstall:node_modules/node Completed in 32029ms
77 timing build:run:preinstall Completed in 32029ms
78 timing build:link:node_modules/node Completed in 3ms
79 timing build:link Completed in 3ms
80 timing build:deps Completed in 32033ms
81 timing build Completed in 32033ms
82 timing reify:build Completed in 32033ms
83 timing reify:trash Completed in 0ms
84 timing reify:save Completed in 7ms
85 timing reify Completed in 32561ms
86 timing command:exec Completed in 35214ms
87 verbose exit 1
88 timing npm Completed in 35470ms
89 verbose code 1
