0 verbose cli /usr/local/bin/node /usr/local/bin/npm
1 info using npm@9.6.7
2 info using node@v18.16.0
3 timing npm:load:whichnode Completed in 1ms
4 timing config:load:defaults Completed in 1ms
5 timing config:load:file:/usr/local/lib/node_modules/npm/npmrc Completed in 0ms
6 timing config:load:builtin Completed in 0ms
7 timing config:load:cli Completed in 1ms
8 timing config:load:env Completed in 1ms
9 timing config:load:file:/Users/LP1433/Work/External/stock-analysis-lite/.npm-cache/_npx/ebaba8b9e55fd0a9/node_modules/node/.npmrc Completed in 0ms
10 timing config:load:project Completed in 1ms
11 timing config:load:file:/Users/LP1433/.npmrc Completed in 0ms
12 timing config:load:user Completed in 0ms
13 timing config:load:file:/usr/local/etc/npmrc Completed in 0ms
14 timing config:load:global Completed in 0ms
15 timing config:load:setEnvs Completed in 0ms
16 timing config:load Completed in 5ms
17 timing npm:load:configload Completed in 5ms
18 timing npm:load:mkdirpcache Completed in 0ms
19 timing npm:load:mkdirplogs Completed in 1ms
20 verbose title npm install node-bin-darwin-arm64@20.20.2
21 verbose argv "install" "--no-save" "node-bin-darwin-arm64@20.20.2"
22 timing npm:load:setTitle Completed in 10ms
23 timing config:load:flatten Completed in 1ms
24 timing npm:load:display Completed in 2ms
25 verbose logfile logs-max:10 dir:/Users/LP1433/Work/External/stock-analysis-lite/.npm-cache/_logs/2026-07-10T10_54_58_363Z-
26 verbose logfile /Users/LP1433/Work/External/stock-analysis-lite/.npm-cache/_logs/2026-07-10T10_54_58_363Z-debug-0.log
27 timing npm:load:logFile Completed in 4ms
28 timing npm:load:timers Completed in 1ms
29 timing npm:load:configScope Completed in 0ms
30 timing npm:load Completed in 24ms
31 timing arborist:ctor Completed in 0ms
32 timing arborist:ctor Completed in 0ms
33 timing idealTree:init Completed in 8ms
34 timing idealTree:userRequests Completed in 2ms
35 silly idealTree buildDeps
36 silly fetch manifest node-bin-setup@^1.0.0
37 silly logfile done cleaning log files
38 http fetch GET 200 https://registry.npmjs.org/node-bin-setup 8ms (cache hit)
39 silly fetch manifest node-bin-darwin-arm64@20.20.2
40 http fetch GET 200 https://registry.npmjs.org/node-bin-darwin-arm64 286ms (cache miss)
41 silly placeDep ROOT node-bin-darwin-arm64@20.20.2 OK for: node@20.20.2 want: 20.20.2
42 silly placeDep ROOT node-bin-setup@1.1.4 OK for: node@20.20.2 want: ^1.0.0
43 timing idealTree:#root Completed in 305ms
44 timing idealTree:node_modules/node-bin-darwin-arm64 Completed in 0ms
45 timing idealTree:node_modules/node-bin-setup Completed in 0ms
46 timing idealTree:buildDeps Completed in 306ms
47 timing idealTree:fixDepFlags Completed in 0ms
48 timing idealTree Completed in 317ms
49 timing reify:loadTrees Completed in 317ms
50 timing reify:diffTrees Completed in 1ms
51 silly reify moves {}
52 timing reify:retireShallow Completed in 1ms
53 timing reify:createSparse Completed in 0ms
54 timing reify:loadBundles Completed in 0ms
55 silly audit bulk request {
55 silly audit   'node-bin-darwin-arm64': [ '20.20.2' ],
55 silly audit   'node-bin-setup': [ '1.1.4' ]
55 silly audit }
56 silly tarball no local data for node-bin-darwin-arm64@https://registry.npmjs.org/node-bin-darwin-arm64/-/node-bin-darwin-arm64-20.20.2.tgz. Extracting by manifest.
57 timing reifyNode:node_modules/node-bin-setup Completed in 14ms
58 http fetch POST 200 https://registry.npmjs.org/-/npm/v1/security/advisories/bulk 265ms
59 timing auditReport:getReport Completed in 266ms
60 silly audit report {}
61 timing auditReport:init Completed in 0ms
62 timing reify:audit Completed in 267ms
63 http fetch GET 200 https://registry.npmjs.org/node-bin-darwin-arm64/-/node-bin-darwin-arm64-20.20.2.tgz 31203ms (cache miss)
64 timing reifyNode:node_modules/node-bin-darwin-arm64 Completed in 31209ms
65 timing reify:unpack Completed in 31209ms
66 timing reify:unretire Completed in 0ms
67 timing build:queue Completed in 1ms
68 timing build:link:node_modules/node-bin-darwin-arm64 Completed in 1ms
69 timing build:link Completed in 1ms
70 timing build:deps Completed in 2ms
71 timing build Completed in 2ms
72 timing reify:build Completed in 2ms
73 timing reify:trash Completed in 0ms
74 timing reify Completed in 31536ms
75 silly ADD node_modules/node-bin-setup
76 silly ADD node_modules/node-bin-darwin-arm64
77 timing command:install Completed in 31538ms
78 verbose exit 0
79 timing npm Completed in 31690ms
80 info ok
